[18:43:40.951][INFO][CraftTweaker-EarlyInit]: CraftTweaker is running on a Minecraft 1.20.1 production server modded with platform Forge
[18:43:40.972][INFO][CraftTweaker-EarlyInit]: Successfully injected RecipeFS file system
[18:43:41.022][INFO][CraftTweaker-Plugins]: Successfully identified and loaded plugin jeitweaker:common
[18:43:41.035][INFO][CraftTweaker-Plugins]: Successfully identified and loaded plugin crafttweaker:builtin
[18:43:41.035][INFO][CraftTweaker-Plugins]: Successfully identified and loaded plugin crafttweaker:builtin_forge
[18:43:41.050][INFO][CraftTweaker-Plugins]: Successfully identified and loaded plugin farmersdelight:crafttweaker_plugin
[18:43:41.076][INFO][JEITweaker]: Identified JeiTweaker plugin 'jeitweaker:forge': loading scheduled
[18:43:41.080][INFO][JEITweaker]: Identified JeiTweaker plugin 'jeitweaker:common': loading scheduled
[18:43:41.088][INFO][JEITweaker]: JEITweaker Environmental Check: the combination of mods [jei] is fully supported
[18:43:41.088][INFO][JEITweaker]: Running JeiTweaker plugin initialization
[18:43:41.097][INFO][JEITweaker]: JeiTweaker plugin initialization completed successfully
[18:43:42.363][INFO][CraftTweaker]: The following mods have explicit CraftTweaker support through the default plugin:
[18:43:42.368][INFO][CraftTweaker]: - 'aquaculture' at version '2.5.5'
[18:43:42.368][INFO][CraftTweaker]: - 'crafttweaker' at version '14.0.57'
[18:43:42.368][INFO][CraftTweaker]: - 'farmersdelight' at version '1.20.1-1.2.8'
[18:43:42.368][INFO][CraftTweaker]: - 'gateways' at version '4.2.6'
[18:43:42.368][INFO][CraftTweaker]: - 'jeitweaker' at version '8.0.6'
[18:43:56.492][INFO][CraftTweaker-ZenCode]: Started loading scripts for loader 'initialize'
[18:43:57.251][INFO][CraftTweaker-ZenCode]: Compiling and executing scripts
[18:43:57.329][INFO][CraftTweaker-ZenCode]: Successfully initialized modules [crafttweaker, expansions]
[18:43:57.528][INFO][CraftTweaker-ZenCode]: Execution for loader 'initialize' completed successfully
[18:44:10.567][INFO][CraftTweaker-ZenCode]: Started loading scripts for loader 'tags'
[18:44:10.623][INFO][CraftTweaker-ZenCode]: Compiling and executing scripts
[18:44:10.646][INFO][CraftTweaker-ZenCode]: Successfully initialized modules [crafttweaker, expansions]
[18:44:10.663][INFO][CraftTweaker-ZenCode]: Execution for loader 'tags' completed successfully
[18:44:14.700][INFO][CraftTweaker]: crafttweaker.reload.start
[18:44:14.709][INFO][CraftTweaker-ZenCode]: Started loading scripts for loader 'crafttweaker'
[18:44:14.751][INFO][CraftTweaker-ZenCode]: Compiling and executing scripts
[18:44:15.519][INFO][CraftTweaker-ZenCode]: Successfully initialized modules [mods, crafttweaker, expansions]
[18:44:15.520][INFO][CraftTweaker-ZenCode]: Loading file 'beefconversion.zs' with priority 0
[18:44:15.521][INFO][CraftTweaker-ZenCode]: Loading file 'cobbleconversion.zs' with priority 0
[18:44:15.522][INFO][CraftTweaker-ZenCode]: Loading file 'craftingtableconvert.zs' with priority 0
[18:44:15.524][INFO][CraftTweaker-ZenCode]: Loading file 'disabled.zs' with priority 0
[18:44:15.529][INFO][CraftTweaker-ZenCode]: Loading file 'flint.zs' with priority 0
[18:44:15.533][INFO][CraftTweaker-ZenCode]: Loading file 'fuel_fix.zs' with priority 0
[18:44:15.538][INFO][CraftTweaker-ZenCode]: Loading file 'hide_jei.zs' with priority 0
[18:44:15.548][INFO][CraftTweaker-ZenCode]: Loading file 'sandconversion.zs' with priority 0
[18:44:15.690][INFO][CraftTweaker]: Adding 'minecraft:crafting' recipe, of type: "shapeless", with name: 'crafttweaker:beeftocara' that outputs: '<item:blue_skies:carabeef>'
[18:44:15.695][INFO][CraftTweaker]: Adding 'minecraft:crafting' recipe, of type: "shapeless", with name: 'crafttweaker:caratobeef' that outputs: '<item:minecraft:beef>'
[18:44:15.695][INFO][CraftTweaker]: Adding 'minecraft:crafting' recipe, of type: "shapeless", with name: 'crafttweaker:beeftomonitor' that outputs: '<item:blue_skies:monitor_tail>'
[18:44:15.695][INFO][CraftTweaker]: Adding 'minecraft:crafting' recipe, of type: "shapeless", with name: 'crafttweaker:monitortobeef' that outputs: '<item:minecraft:beef>'
[18:44:15.696][INFO][CraftTweaker]: Adding 'minecraft:crafting' recipe, of type: "shapeless", with name: 'crafttweaker:beeftovenison' that outputs: '<item:blue_skies:venison>'
[18:44:15.696][INFO][CraftTweaker]: Adding 'minecraft:crafting' recipe, of type: "shapeless", with name: 'crafttweaker:venisontobeef' that outputs: '<item:minecraft:beef>'
[18:44:15.696][INFO][CraftTweaker]: Adding 'minecraft:crafting' recipe, of type: "shapeless", with name: 'crafttweaker:sweettobrew' that outputs: '<item:blue_skies:brewberry>'
[18:44:15.696][INFO][CraftTweaker]: Adding 'minecraft:crafting' recipe, of type: "shapeless", with name: 'crafttweaker:brewtosweet' that outputs: '<item:minecraft:sweet_berries>'
[18:44:15.696][INFO][CraftTweaker]: Adding 'minecraft:crafting' recipe, of type: "shapeless", with name: 'crafttweaker:beeftotalker' that outputs: '<item:outer_end:stalker_meat>'
[18:44:15.697][INFO][CraftTweaker]: Adding 'minecraft:crafting' recipe, of type: "shapeless", with name: 'crafttweaker:stalkertobeef' that outputs: '<item:minecraft:beef>'
[18:44:15.697][INFO][CraftTweaker]: Adding 'minecraft:crafting' recipe, of type: "shapeless", with name: 'crafttweaker:beeftotvenison' that outputs: '<item:twilightforest:raw_venison>'
[18:44:15.697][INFO][CraftTweaker]: Adding 'minecraft:crafting' recipe, of type: "shapeless", with name: 'crafttweaker:tvenisontobeef' that outputs: '<item:minecraft:beef>'
[18:44:15.697][INFO][CraftTweaker]: Adding 'minecraft:crafting' recipe, of type: "shapeless", with name: 'crafttweaker:granitetocobble' that outputs: '<item:minecraft:cobblestone>'
[18:44:15.698][INFO][CraftTweaker]: Adding 'minecraft:crafting' recipe, of type: "shapeless", with name: 'crafttweaker:dioritetocobble' that outputs: '<item:minecraft:cobblestone>'
[18:44:15.698][INFO][CraftTweaker]: Adding 'minecraft:crafting' recipe, of type: "shapeless", with name: 'crafttweaker:andesitetocobble' that outputs: '<item:minecraft:cobblestone>'
[18:44:15.698][INFO][CraftTweaker]: Adding 'minecraft:crafting' recipe, of type: "shapeless", with name: 'crafttweaker:deepslatetocobble' that outputs: '<item:minecraft:cobblestone>'
[18:44:15.698][INFO][CraftTweaker]: Adding 'minecraft:crafting' recipe, of type: "shapeless", with name: 'crafttweaker:cobbledeepslatetocobble' that outputs: '<item:minecraft:cobblestone>'
[18:44:15.698][INFO][CraftTweaker]: Adding 'minecraft:crafting' recipe, of type: "shapeless", with name: 'crafttweaker:basalttocobble' that outputs: '<item:minecraft:cobblestone>'
[18:44:15.699][INFO][CraftTweaker]: Adding 'minecraft:crafting' recipe, of type: "shapeless", with name: 'crafttweaker:blackstonetocobble' that outputs: '<item:minecraft:cobblestone>'
[18:44:15.699][INFO][CraftTweaker]: Adding 'minecraft:crafting' recipe, of type: "shapeless", with name: 'crafttweaker:gildedblackstonetocobble' that outputs: '<item:minecraft:cobblestone>'
[18:44:15.699][INFO][CraftTweaker]: Adding 'minecraft:crafting' recipe, of type: "shapeless", with name: 'crafttweaker:depthtocobble' that outputs: '<item:minecraft:cobblestone>'
[18:44:15.699][INFO][CraftTweaker]: Adding 'minecraft:crafting' recipe, of type: "shapeless", with name: 'crafttweaker:shivertocobble' that outputs: '<item:minecraft:cobblestone>'
[18:44:15.700][INFO][CraftTweaker]: Adding 'minecraft:crafting' recipe, of type: "shapeless", with name: 'crafttweaker:violitetocobble' that outputs: '<item:minecraft:cobblestone>'
[18:44:15.700][INFO][CraftTweaker]: Adding 'minecraft:crafting' recipe, of type: "shapeless", with name: 'crafttweaker:stromatolitetocobble' that outputs: '<item:minecraft:cobblestone>'
[18:44:15.700][INFO][CraftTweaker]: Adding 'minecraft:crafting' recipe, of type: "shapeless", with name: 'crafttweaker:halitetocobble' that outputs: '<item:minecraft:cobblestone>'
[18:44:15.701][INFO][CraftTweaker]: Adding 'minecraft:crafting' recipe, of type: "shapeless", with name: 'crafttweaker:ancientstonetocobble' that outputs: '<item:minecraft:cobblestone>'
[18:44:15.701][INFO][CraftTweaker]: Adding 'minecraft:crafting' recipe, of type: "shapeless", with name: 'crafttweaker:aspentonormal' that outputs: '<item:minecraft:crafting_table>'
[18:44:15.702][INFO][CraftTweaker]: Adding 'minecraft:crafting' recipe, of type: "shapeless", with name: 'crafttweaker:baobabtonormal' that outputs: '<item:minecraft:crafting_table>'
[18:44:15.702][INFO][CraftTweaker]: Adding 'minecraft:crafting' recipe, of type: "shapeless", with name: 'crafttweaker:benchantedtonormal' that outputs: '<item:minecraft:crafting_table>'
[18:44:15.702][INFO][CraftTweaker]: Adding 'minecraft:crafting' recipe, of type: "shapeless", with name: 'crafttweaker:cikatonormal' that outputs: '<item:minecraft:crafting_table>'
[18:44:15.702][INFO][CraftTweaker]: Adding 'minecraft:crafting' recipe, of type: "shapeless", with name: 'crafttweaker:cypresstonormal' that outputs: '<item:minecraft:crafting_table>'
[18:44:15.703][INFO][CraftTweaker]: Adding 'minecraft:crafting' recipe, of type: "shapeless", with name: 'crafttweaker:ebonytonormal' that outputs: '<item:minecraft:crafting_table>'
[18:44:15.703][INFO][CraftTweaker]: Adding 'minecraft:crafting' recipe, of type: "shapeless", with name: 'crafttweaker:firtonormal' that outputs: '<item:minecraft:crafting_table>'
[18:44:15.703][INFO][CraftTweaker]: Adding 'minecraft:crafting' recipe, of type: "shapeless", with name: 'crafttweaker:florustonormal' that outputs: '<item:minecraft:crafting_table>'
[18:44:15.703][INFO][CraftTweaker]: Adding 'minecraft:crafting' recipe, of type: "shapeless", with name: 'crafttweaker:genchantedtonormal' that outputs: '<item:minecraft:crafting_table>'
[18:44:15.704][INFO][CraftTweaker]: Adding 'minecraft:crafting' recipe, of type: "shapeless", with name: 'crafttweaker:hollytonormal' that outputs: '<item:minecraft:crafting_table>'
[18:44:15.704][INFO][CraftTweaker]: Adding 'minecraft:crafting' recipe, of type: "shapeless", with name: 'crafttweaker:ironwoodtonormal' that outputs: '<item:minecraft:crafting_table>'
[18:44:15.704][INFO][CraftTweaker]: Adding 'minecraft:crafting' recipe, of type: "shapeless", with name: 'crafttweaker:jacarandatonormal' that outputs: '<item:minecraft:crafting_table>'
[18:44:15.704][INFO][CraftTweaker]: Adding 'minecraft:crafting' recipe, of type: "shapeless", with name: 'crafttweaker:mahoganytonormal' that outputs: '<item:minecraft:crafting_table>'
[18:44:15.705][INFO][CraftTweaker]: Adding 'minecraft:crafting' recipe, of type: "shapeless", with name: 'crafttweaker:mapletonormal' that outputs: '<item:minecraft:crafting_table>'
[18:44:15.705][INFO][CraftTweaker]: Adding 'minecraft:crafting' recipe, of type: "shapeless", with name: 'crafttweaker:palmtonormal' that outputs: '<item:minecraft:crafting_table>'
[18:44:15.705][INFO][CraftTweaker]: Adding 'minecraft:crafting' recipe, of type: "shapeless", with name: 'crafttweaker:pinetonormal' that outputs: '<item:minecraft:crafting_table>'
[18:44:15.705][INFO][CraftTweaker]: Adding 'minecraft:crafting' recipe, of type: "shapeless", with name: 'crafttweaker:rainbowtonormal' that outputs: '<item:minecraft:crafting_table>'
[18:44:15.705][INFO][CraftTweaker]: Adding 'minecraft:crafting' recipe, of type: "shapeless", with name: 'crafttweaker:redwoodtonormal' that outputs: '<item:minecraft:crafting_table>'
[18:44:15.705][INFO][CraftTweaker]: Adding 'minecraft:crafting' recipe, of type: "shapeless", with name: 'crafttweaker:sakuratonormal' that outputs: '<item:minecraft:crafting_table>'
[18:44:15.706][INFO][CraftTweaker]: Adding 'minecraft:crafting' recipe, of type: "shapeless", with name: 'crafttweaker:skyristonormal' that outputs: '<item:minecraft:crafting_table>'
[18:44:15.706][INFO][CraftTweaker]: Adding 'minecraft:crafting' recipe, of type: "shapeless", with name: 'crafttweaker:mangrovetonormal' that outputs: '<item:minecraft:crafting_table>'
[18:44:15.706][INFO][CraftTweaker]: Adding 'minecraft:crafting' recipe, of type: "shapeless", with name: 'crafttweaker:willowtonormal' that outputs: '<item:minecraft:crafting_table>'
[18:44:15.706][INFO][CraftTweaker]: Adding 'minecraft:crafting' recipe, of type: "shapeless", with name: 'crafttweaker:hazeltonormal' that outputs: '<item:minecraft:crafting_table>'
[18:44:15.707][INFO][CraftTweaker]: Adding 'minecraft:crafting' recipe, of type: "shapeless", with name: 'crafttweaker:zelkovatonormal' that outputs: '<item:minecraft:crafting_table>'
[18:44:15.707][INFO][CraftTweaker]: Adding 'minecraft:crafting' recipe, of type: "shapeless", with name: 'crafttweaker:bbrighttonormal' that outputs: '<item:minecraft:crafting_table>'
[18:44:15.707][INFO][CraftTweaker]: Adding 'minecraft:crafting' recipe, of type: "shapeless", with name: 'crafttweaker:startonormal' that outputs: '<item:minecraft:crafting_table>'
[18:44:15.708][INFO][CraftTweaker]: Adding 'minecraft:crafting' recipe, of type: "shapeless", with name: 'crafttweaker:fbrighttonormal' that outputs: '<item:minecraft:crafting_table>'
[18:44:15.708][INFO][CraftTweaker]: Adding 'minecraft:crafting' recipe, of type: "shapeless", with name: 'crafttweaker:comettonormal' that outputs: '<item:minecraft:crafting_table>'
[18:44:15.708][INFO][CraftTweaker]: Adding 'minecraft:crafting' recipe, of type: "shapeless", with name: 'crafttweaker:lunartonormal' that outputs: '<item:minecraft:crafting_table>'
[18:44:15.708][INFO][CraftTweaker]: Adding 'minecraft:crafting' recipe, of type: "shapeless", with name: 'crafttweaker:dusktonormal' that outputs: '<item:minecraft:crafting_table>'
[18:44:15.709][INFO][CraftTweaker]: Adding 'minecraft:crafting' recipe, of type: "shapeless", with name: 'crafttweaker:bmapletonormal' that outputs: '<item:minecraft:crafting_table>'
[18:44:15.715][INFO][CraftTweaker]: Removing 'crafting' recipes with output: '<item:alexsmobs:blood_sprayer>'
[18:44:15.729][INFO][CraftTweaker]: Removing 'crafting' recipes with output: '<item:alexsmobs:dimensional_carver>'
[18:44:15.738][INFO][CraftTweaker]: Removing 'crafting' recipes with output: '<item:alexsmobs:hemolymph_blaster>'
[18:44:15.747][INFO][CraftTweaker]: Removing 'crafting' recipes with output: '<item:alexsmobs:tendon_whip>'
[18:44:15.756][INFO][CraftTweaker]: Removing 'crafting' recipes with output: '<item:alexsmobs:transmutation_table>'
[18:44:15.765][INFO][CraftTweaker]: Removing 'crafting' recipes with output: '<item:aquamirae:maze_rose>'
[18:44:15.774][INFO][CraftTweaker]: Removing 'crafting' recipes with output: '<item:aquamirae:poisoned_blade>'
[18:44:15.784][INFO][CraftTweaker]: Removing 'crafting' recipes with output: '<item:aquamirae:poisoned_chakra>'
[18:44:15.792][INFO][CraftTweaker]: Removing 'crafting' recipes with output: '<item:aquamirae:terrible_sword>'
[18:44:15.798][INFO][CraftTweaker]: Removing 'crafting' recipes with output: '<item:aquamirae:abyssal_heaume>'
[18:44:15.805][INFO][CraftTweaker]: Removing 'crafting' recipes with output: '<item:bosses_of_mass_destruction:monolith_block>'
[18:44:15.812][INFO][CraftTweaker]: Removing 'crafting' recipes with output: '<item:bosses_of_mass_destruction:earthdive_spear>'
[18:44:15.820][INFO][CraftTweaker]: Removing 'crafting' recipes with output: '<item:bosses_of_mass_destruction:charged_ender_pearl>'
[18:44:15.826][INFO][CraftTweaker]: Removing 'crafting' recipes with output: '<item:bosses_of_mass_destruction:levitation_block>'
[18:44:15.833][INFO][CraftTweaker]: Removing 'crafting' recipes with output: '<item:bosses_of_mass_destruction:mob_ward>'
[18:44:15.839][INFO][CraftTweaker]: Removing 'crafting' recipes with output: '<item:born_in_chaos_v1:staffof_blindness>'
[18:44:15.846][INFO][CraftTweaker]: Removing 'crafting' recipes with output: '<item:born_in_chaos_v1:supreme_measure>'
[18:44:15.853][INFO][CraftTweaker]: Removing 'crafting' recipes with output: '<item:born_in_chaos_v1:stop_hammer>'
[18:44:15.861][INFO][CraftTweaker]: Removing 'crafting' recipes with output: '<item:born_in_chaos_v1:staff_of_magic_arrows>'
[18:44:15.868][INFO][CraftTweaker]: Removing 'crafting' recipes with output: '<item:born_in_chaos_v1:bonescaller_staff>'
[18:44:15.875][INFO][CraftTweaker]: Removing 'crafting' recipes with output: '<item:born_in_chaos_v1:death_totem>'
[18:44:15.883][INFO][CraftTweaker]: Removing 'crafting' recipes with output: '<item:born_in_chaos_v1:spider_bite_sword>'
[18:44:15.891][INFO][CraftTweaker]: Removing 'crafting' recipes with output: '<item:born_in_chaos_v1:hound_trap>'
[18:44:15.897][INFO][CraftTweaker]: Removing 'crafting' recipes with output: '<item:born_in_chaos_v1:spiny_shell_trap>'
[18:44:15.904][INFO][CraftTweaker]: Removing 'crafting' recipes with output: '<item:born_in_chaos_v1:damned_demomans_hat_helmet>'
[18:44:15.911][INFO][CraftTweaker]: Removing 'crafting' recipes with output: '<item:born_in_chaos_v1:missionary_hat_helmet>'
[18:44:15.918][INFO][CraftTweaker]: Removing 'crafting' recipes with output: '<item:born_in_chaos_v1:spiritual_guide_sombrero_helmet>'
[18:44:15.925][INFO][CraftTweaker]: Removing 'crafting' recipes with output: '<item:born_in_chaos_v1:lord_pumpkinheads_hat_helmet>'
[18:44:15.932][INFO][CraftTweaker]: Removing 'crafting' recipes with output: '<item:born_in_chaos_v1:pumpkinstaffa>'
[18:44:15.938][INFO][CraftTweaker]: Removing 'crafting' recipes with output: '<item:born_in_chaos_v1:pumpkinhandgun>'
[18:44:15.944][INFO][CraftTweaker]: Removing 'crafting' recipes with output: '<item:born_in_chaos_v1:pumpkin_bullet>'
[18:44:15.949][INFO][CraftTweaker]: Removing 'crafting' recipes with output: '<item:born_in_chaos_v1:phantom_bomb>'
[18:44:15.955][INFO][CraftTweaker]: Removing 'crafting' recipes with output: '<item:born_in_chaos_v1:intoxicatind_bomb>'
[18:44:15.961][INFO][CraftTweaker]: Removing 'crafting' recipes with output: '<item:born_in_chaos_v1:stimulating_bomb>'
[18:44:15.967][INFO][CraftTweaker]: Removing 'crafting' recipes with output: '<item:born_in_chaos_v1:dark_atrium>'
[18:44:15.973][INFO][CraftTweaker]: Removing 'crafting' recipes with output: '<item:born_in_chaos_v1:spiritual_dust>'
[18:44:15.979][INFO][CraftTweaker]: Removing 'crafting' recipes with output: '<item:born_in_chaos_v1:eternal_candy>'
[18:44:15.984][INFO][CraftTweaker]: Removing 'crafting' recipes with output: '<item:botania:terraform_rod>'
[18:44:15.990][INFO][CraftTweaker]: Removing 'crafting' recipes with output: '<item:botania:smelt_rod>'
[18:44:15.994][INFO][CraftTweaker]: Removing 'crafting' recipes with output: '<item:botania:gravity_rod>'
[18:44:15.998][INFO][CraftTweaker]: Removing 'crafting' recipes with output: '<item:botania:missile_rod>'
[18:44:16.002][INFO][CraftTweaker]: Removing 'crafting' recipes with output: '<item:botania:lens_mine>'
[18:44:16.008][INFO][CraftTweaker]: Removing 'crafting' recipes with output: '<item:botania:lens_damage>'
[18:44:16.014][INFO][CraftTweaker]: Removing 'crafting' recipes with output: '<item:botania:lens_piston>'
[18:44:16.019][INFO][CraftTweaker]: Removing 'crafting' recipes with output: '<item:botania:lens_explosive>'
[18:44:16.024][INFO][CraftTweaker]: Removing 'crafting' recipes with output: '<item:botania:loonium>'
[18:44:16.028][INFO][CraftTweaker]: Removing 'crafting' recipes with output: '<item:botania:floating_loonium>'
[18:44:16.033][INFO][CraftTweaker]: Removing 'crafting' recipes with output: '<item:botania:bellethorn>'
[18:44:16.037][INFO][CraftTweaker]: Removing 'crafting' recipes with output: '<item:botania:floating_bellethorn>'
[18:44:16.041][INFO][CraftTweaker]: Removing 'crafting' recipes with output: '<item:botania:bellethorn_chibi>'
[18:44:16.046][INFO][CraftTweaker]: Removing 'crafting' recipes with output: '<item:botania:floating_bellethorn_chibi>'
[18:44:16.051][INFO][CraftTweaker]: Removing 'crafting' recipes with output: '<item:botania:hyacidus>'
[18:44:16.056][INFO][CraftTweaker]: Removing 'crafting' recipes with output: '<item:botania:floating_hyacidus>'
[18:44:16.062][INFO][CraftTweaker]: Removing 'crafting' recipes with output: '<item:botania:mana_bomb>'
[18:44:16.068][INFO][CraftTweaker]: Removing 'crafting' recipes with output: '<item:botania:spawner_mover>'
[18:44:16.074][INFO][CraftTweaker]: Removing 'crafting' recipes with output: '<item:botania:spawner_claw>'
[18:44:16.079][INFO][CraftTweaker]: Removing 'crafting' recipes with output: '<item:botania:thunder_sword>'
[18:44:16.085][INFO][CraftTweaker]: Removing 'crafting' recipes with output: '<item:botania:laputa_shard>'
[18:44:16.091][INFO][CraftTweaker]: Removing 'crafting' recipes with output: '<item:botania:holy_cloak>'
[18:44:16.098][INFO][CraftTweaker]: Removing 'crafting' recipes with output: '<item:botania:unholy_cloak>'
[18:44:16.105][INFO][CraftTweaker]: Removing 'crafting' recipes with output: '<item:botania:balance_cloak>'
[18:44:16.115][INFO][CraftTweaker]: Removing 'crafting' recipes with output: '<item:botania:invisibility_cloak>'
[18:44:16.122][INFO][CraftTweaker]: Removing 'crafting' recipes with output: '<item:botania:magnet_ring>'
[18:44:16.130][INFO][CraftTweaker]: Removing 'crafting' recipes with output: '<item:botania:magnet_ring_greater>'
[18:44:16.136][INFO][CraftTweaker]: Removing 'crafting' recipes with output: '<item:botania:diva_charm>'
[18:44:16.143][INFO][CraftTweaker]: Removing 'crafting' recipes with output: '<item:botania:lens_weight>'
[18:44:16.148][INFO][CraftTweaker]: Removing 'crafting' recipes with output: '<item:botania:lens_fire>'
[18:44:16.153][INFO][CraftTweaker]: Removing 'crafting' recipes with output: '<item:botania:lens_paint>'
[18:44:16.159][INFO][CraftTweaker]: Removing 'crafting' recipes with output: '<item:botania:thorn_chakram>'
[18:44:16.161][INFO][CraftTweaker]: Removing 'crafting' recipes with output: '<item:botania:flare_chakram>'
[18:44:16.163][INFO][CraftTweaker]: Removing 'crafting' recipes with output: '<item:botania:pixie_ring>'
[18:44:16.164][INFO][CraftTweaker]: Removing 'crafting' recipes with output: '<item:botania:elementium_helmet>'
[18:44:16.165][INFO][CraftTweaker]: Removing 'crafting' recipes with output: '<item:botania:elementium_chestplate>'
[18:44:16.166][INFO][CraftTweaker]: Removing 'crafting' recipes with output: '<item:botania:elementium_leggings>'
[18:44:16.167][INFO][CraftTweaker]: Removing 'crafting' recipes with output: '<item:botania:elementium_boots>'
[18:44:16.168][INFO][CraftTweaker]: Removing 'crafting' recipes with output: '<item:botania:elementium_sword>'
[18:44:16.169][INFO][CraftTweaker]: Removing 'crafting' recipes with output: '<item:botania:blood_pendant>'
[18:44:16.170][INFO][CraftTweaker]: Removing 'crafting' recipes with output: '<item:botania:corporea_index>'
[18:44:16.171][INFO][CraftTweaker]: Removing 'crafting' recipes with output: '<item:botania:terra_sword>'
[18:44:16.172][INFO][CraftTweaker]: Removing 'crafting' recipes with output: '<item:botania:flight_tiara>'
[18:44:16.173][INFO][CraftTweaker]: Removing 'crafting' recipes with output: '<item:botania:red_string_container>'
[18:44:16.174][INFO][CraftTweaker]: Removing 'crafting' recipes with output: '<item:botania:tiny_planet>'
[18:44:16.175][INFO][CraftTweaker]: Removing 'crafting' recipes with output: '<item:botania:tiny_planet_block>'
[18:44:16.176][INFO][CraftTweaker]: Removing 'crafting' recipes with output: '<item:constructionwand:core_destruction>'
[18:44:16.176][INFO][CraftTweaker]: Removing 'crafting' recipes with output: '<item:constructionwand:infinity_wand>'
[18:44:16.177][INFO][CraftTweaker]: Removing 'crafting' recipes with output: '<item:deeperdarker:warden_leggings>'
[18:44:16.178][INFO][CraftTweaker]: Removing 'crafting' recipes with output: '<item:doggytalents:golden_a_five_wagyu>'
[18:44:16.179][INFO][CraftTweaker]: Removing 'crafting' recipes with output: '<item:doggytalents:sussy_sickle>'
[18:44:16.180][INFO][CraftTweaker]: Removing 'crafting' recipes with output: '<item:lightmanscurrency:coinmint>'
[18:44:16.181][INFO][CraftTweaker]: Removing 'crafting' recipes with output: '<item:lightmanscurrency:speed_upgrade_1>'
[18:44:16.182][INFO][CraftTweaker]: Removing 'crafting' recipes with output: '<item:lightmanscurrency:speed_upgrade_2>'
[18:44:16.184][INFO][CraftTweaker]: Removing 'crafting' recipes with output: '<item:lightmanscurrency:speed_upgrade_3>'
[18:44:16.185][INFO][CraftTweaker]: Removing 'crafting' recipes with output: '<item:lightmanscurrency:speed_upgrade_4>'
[18:44:16.186][INFO][CraftTweaker]: Removing 'crafting' recipes with output: '<item:lightmanscurrency:speed_upgrade_5>'
[18:44:16.188][INFO][CraftTweaker]: Removing 'crafting' recipes with output: '<item:lightmanscurrency:coinblock_copper>'
[18:44:16.189][INFO][CraftTweaker]: Removing 'crafting' recipes with output: '<item:lightmanscurrency:coinblock_iron>'
[18:44:16.192][INFO][CraftTweaker]: Removing 'crafting' recipes with output: '<item:lightmanscurrency:coinblock_gold>'
[18:44:16.193][INFO][CraftTweaker]: Removing 'crafting' recipes with output: '<item:lightmanscurrency:coinblock_emerald>'
[18:44:16.194][INFO][CraftTweaker]: Removing 'crafting' recipes with output: '<item:lightmanscurrency:coinblock_diamond>'
[18:44:16.195][INFO][CraftTweaker]: Removing 'crafting' recipes with output: '<item:lightmanscurrency:coinblock_netherite>'
[18:44:16.196][INFO][CraftTweaker]: Removing 'crafting' recipes with output: '<item:lightmanscurrency:coinblock_chocolate_copper>'
[18:44:16.197][INFO][CraftTweaker]: Removing 'crafting' recipes with output: '<item:lightmanscurrency:coinblock_chocolate_iron>'
[18:44:16.198][INFO][CraftTweaker]: Removing 'crafting' recipes with output: '<item:lightmanscurrency:coinblock_chocolate_gold>'
[18:44:16.199][INFO][CraftTweaker]: Removing 'crafting' recipes with output: '<item:lightmanscurrency:coinblock_chocolate_emerald>'
[18:44:16.199][INFO][CraftTweaker]: Removing 'crafting' recipes with output: '<item:lightmanscurrency:coinblock_chocolate_diamond>'
[18:44:16.200][INFO][CraftTweaker]: Removing 'crafting' recipes with output: '<item:lightmanscurrency:coinblock_chocolate_netherite>'
[18:44:16.201][INFO][CraftTweaker]: Removing 'crafting' recipes with output: '<item:mmorpg:potions/full_reset_passive>'
[18:44:16.202][INFO][CraftTweaker]: Removing 'crafting' recipes with output: '<item:mmorpg:potions/full_reset_spell>'
[18:44:16.203][INFO][CraftTweaker]: Removing 'crafting' recipes with output: '<item:mmorpg:potions/full_reset_ascendancy>'
[18:44:16.204][INFO][CraftTweaker]: Removing 'crafting' recipes with output: '<item:mmorpg:potions/full_reset_talent>'
[18:44:16.205][INFO][CraftTweaker]: Removing 'crafting' recipes with output: '<item:mmorpg:potions/full_reset_stat>'
[18:44:16.206][INFO][CraftTweaker]: Removing 'crafting' recipes with output: '<item:mmorpg:potions/reset_points_passive>'
[18:44:16.207][INFO][CraftTweaker]: Removing 'crafting' recipes with output: '<item:mmorpg:potions/reset_points_spell>'
[18:44:16.208][INFO][CraftTweaker]: Removing 'crafting' recipes with output: '<item:mmorpg:potions/reset_points_ascendancy>'
[18:44:16.209][INFO][CraftTweaker]: Removing 'crafting' recipes with output: '<item:mmorpg:potions/reset_points_talent>'
[18:44:16.210][INFO][CraftTweaker]: Removing 'crafting' recipes with output: '<item:mmorpg:potions/reset_points_stat>'
[18:44:16.210][INFO][CraftTweaker]: Removing 'crafting' recipes with output: '<item:monsterplus:ancient_crystal>'
[18:44:16.211][INFO][CraftTweaker]: Removing 'crafting' recipes with output: '<item:monsterplus:crystal_arrow>'
[18:44:16.212][INFO][CraftTweaker]: Removing 'crafting' recipes with output: '<item:monsterplus:crystal_boots>'
[18:44:16.213][INFO][CraftTweaker]: Removing 'crafting' recipes with output: '<item:monsterplus:crystal_chestplate>'
[18:44:16.214][INFO][CraftTweaker]: Removing 'crafting' recipes with output: '<item:monsterplus:crystal_clump>'
[18:44:16.215][INFO][CraftTweaker]: Removing 'crafting' recipes with output: '<item:monsterplus:crystal_helmet>'
[18:44:16.216][INFO][CraftTweaker]: Removing 'crafting' recipes with output: '<item:monsterplus:crystal_leggings>'
[18:44:16.217][INFO][CraftTweaker]: Removing 'crafting' recipes with output: '<item:monsterplus:crystal_sword>'
[18:44:16.218][INFO][CraftTweaker]: Removing 'crafting' recipes with output: '<item:mowziesmobs:blowgun>'
[18:44:16.219][INFO][CraftTweaker]: Removing 'crafting' recipes with output: '<item:mowziesmobs:dart>'
[18:44:16.220][INFO][CraftTweaker]: Removing 'crafting' recipes with output: '<item:mutantmonsters:mutant_skeleton_chestplate>'
[18:44:16.221][INFO][CraftTweaker]: Removing 'crafting' recipes with output: '<item:mutantmonsters:mutant_skeleton_leggings>'
[18:44:16.222][INFO][CraftTweaker]: Removing 'crafting' recipes with output: '<item:mutantmonsters:mutant_skeleton_boots>'
[18:44:16.223][INFO][CraftTweaker]: Removing 'crafting' recipes with output: '<item:sophisticatedbackpacks:advanced_magnet_upgrade>'
[18:44:16.224][INFO][CraftTweaker]: Removing 'crafting' recipes with output: '<item:sophisticatedbackpacks:inception_upgrade>'
[18:44:16.225][INFO][CraftTweaker]: Removing 'crafting' recipes with output: '<item:sophisticatedbackpacks:magnet_upgrade>'
[18:44:16.226][INFO][CraftTweaker]: Removing 'crafting' recipes with output: '<item:supplementaries:cannon>'
[18:44:16.227][INFO][CraftTweaker]: Removing 'crafting' recipes with output: '<item:twilightforest:twilight_scepter>'
[18:44:16.227][INFO][CraftTweaker]: Removing 'crafting' recipes with output: '<item:twilightforest:lifedrain_scepter>'
[18:44:16.228][INFO][CraftTweaker]: Removing 'crafting' recipes with output: '<item:twilightforest:zombie_scepter>'
[18:44:16.229][INFO][CraftTweaker]: Removing 'crafting' recipes with output: '<item:twilightforest:fortification_scepter>'
[18:44:16.230][INFO][CraftTweaker]: Removing 'crafting' recipes with output: '<item:wstweaks:blaze_blade>'
[18:44:16.231][INFO][CraftTweaker]: Removing 'crafting' recipes with output: '<item:wstweaks:lava_blade>'
[18:44:16.238][INFO][CraftTweaker]: Adding 'botania:mana_infusion' recipe, with name: 'crafttweaker:flintdupe' that outputs: '<item:minecraft:flint> * 2'
[18:44:16.240][INFO][CraftTweaker]: Setting burn time of: <tag:items:minecraft:wool_carpets> to 0 for type smelting
[18:44:16.241][INFO][CraftTweaker]: Setting burn time of: <tag:items:minecraft:wool> to 0 for type smelting
[18:44:16.258][INFO][CraftTweaker]: Adding 'minecraft:crafting' recipe, of type: "shapeless", with name: 'crafttweaker:crystaltosand' that outputs: '<item:minecraft:sand>'
[18:44:16.258][INFO][CraftTweaker]: Adding 'minecraft:crafting' recipe, of type: "shapeless", with name: 'crafttweaker:midnighttosand' that outputs: '<item:minecraft:sand>'
[18:44:16.259][INFO][CraftTweaker]: Adding 'minecraft:crafting' recipe, of type: "shapeless", with name: 'crafttweaker:blacksandtosand' that outputs: '<item:minecraft:sand>'
[18:44:16.259][INFO][CraftTweaker]: Adding 'minecraft:crafting' recipe, of type: "shapeless", with name: 'crafttweaker:whitesandtosand' that outputs: '<item:minecraft:sand>'
[18:44:16.259][INFO][CraftTweaker]: Adding 'minecraft:crafting' recipe, of type: "shapeless", with name: 'crafttweaker:bluesandtosand' that outputs: '<item:minecraft:sand>'
[18:44:16.259][INFO][CraftTweaker]: Adding 'minecraft:crafting' recipe, of type: "shapeless", with name: 'crafttweaker:purplesandtosand' that outputs: '<item:minecraft:sand>'
[18:44:16.259][INFO][CraftTweaker]: Adding 'minecraft:crafting' recipe, of type: "shapeless", with name: 'crafttweaker:windsweptsandtosand' that outputs: '<item:minecraft:sand>'
[18:44:16.259][INFO][CraftTweaker]: Adding 'minecraft:crafting' recipe, of type: "shapeless", with name: 'crafttweaker:crackedsandtosand' that outputs: '<item:minecraft:sand>'
[18:44:16.259][INFO][CraftTweaker]: Adding 'minecraft:crafting' recipe, of type: "shapeless", with name: 'crafttweaker:crackedredsandtosand' that outputs: '<item:minecraft:sand>'
[18:44:16.260][INFO][CraftTweaker]: Adding 'minecraft:crafting' recipe, of type: "shapeless", with name: 'crafttweaker:quicksandtosand' that outputs: '<item:minecraft:sand>'
[18:44:16.260][INFO][CraftTweaker]: Adding 'minecraft:crafting' recipe, of type: "shapeless", with name: 'crafttweaker:redquicksandtosand' that outputs: '<item:minecraft:sand>'
[18:44:16.283][INFO][CraftTweaker-ZenCode]: Execution for loader 'crafttweaker' completed successfully
[18:44:16.287][INFO][CraftTweaker]: crafttweaker.reload.complete
[18:44:16.287][INFO][CraftTweaker]: This reload was made possible by Jessie Sims and more! Become a patron at https://patreon.com/jaredlll08?s=crtmod
