[01:05:11] [User Authenticator #1/INFO]: UUID of player dieguito is b22d7525-fd81-364c-87d0-a544806c759c
[01:05:11] [Server thread/INFO]: dieguito joined the game
[01:05:11] [Server thread/INFO]: dieguito[/127.174.251.186:57179] logged in with entity id 541 at ([world]2.5, 101.0, -2.5)
[01:05:36] [Server thread/INFO]: There are 1 of a max of 20 players online: dieguito
[01:06:04] [Server thread/INFO]: dieguito has made the advancement [Sweet Dreams]
[01:06:10] [Server thread/INFO]: [Not Secure] [Server] pene
[01:06:25] [Async Chat Thread - #1/INFO]: [Not Secure] <dieguito> entra pa dartelo
[01:06:32] [Server thread/INFO]: [Not Secure] [Server] ño
[01:06:43] [Async Chat Thread - #0/INFO]: [Not Secure] <dieguito> samuel
[01:06:47] [Async Chat Thread - #1/INFO]: [Not Secure] <dieguito> haz rangos
[01:06:56] [Async Chat Thread - #0/INFO]: [Not Secure] <dieguito> pq vamos a hacer facciones
[01:07:05] [Server thread/INFO]: dieguito has made the advancement [Isn't It Iron Pick]
[01:07:09] [Server thread/INFO]: dieguito has made the advancement [Acquire Hardware]
[01:07:22] [User Authenticator #2/INFO]: UUID of player Onlybanzell is 9d55aed4-6909-367b-a205-d41ffdccb1ab
[01:07:22] [Server thread/INFO]: Onlybanzell joined the game
[01:07:22] [Server thread/INFO]: Onlybanzell[/127.60.67.30:53643] logged in with entity id 851 at ([world]-9.5, 96.0, 3.5)
[01:07:48] [Server thread/INFO]: dieguito has made the advancement [Stone Age]
[01:08:50] [Server thread/INFO]: Onlybanzell was slain by dieguito
[01:09:49] [Server thread/INFO]: Onlybanzell was slain by dieguito
[01:11:05] [Server thread/INFO]: Onlybanzell has made the advancement [Stone Age]
[01:11:34] [Server thread/INFO]: Onlybanzell has made the advancement [Getting an Upgrade]
[01:11:49] [Server thread/INFO]: dieguito has made the advancement [Monster Hunter]
[01:13:10] [Server thread/INFO]: Onlybanzell lost connection: Disconnected
[01:13:10] [Server thread/INFO]: Onlybanzell left the game
[01:13:38] [User Authenticator #3/INFO]: UUID of player Onlybanzell is 9d55aed4-6909-367b-a205-d41ffdccb1ab
[01:13:38] [Server thread/INFO]: Onlybanzell joined the game
[01:13:38] [Server thread/INFO]: Onlybanzell[/127.60.67.30:41885] logged in with entity id 2047 at ([world]15.300000011920929, 108.0, 4.39039939973255)
